<?xml version="1.0" encoding="UTF-8"?>
<!-- Generated by org.testng.reporters.JUnitReportReporter -->
<testsuite hostname="Chandrahas" failures="0" tests="2" name="eCommerce.OrderItem" time="13.871" errors="0" timestamp="2024-11-02T21:29:58 IST" skipped="0">
  <testcase classname="eCommerce.OrderItem" name="submitOrder" time="5.914"/>
  <testcase classname="eCommerce.OrderItem" name="submitOrder" time="7.957"/>
</testsuite> <!-- eCommerce.OrderItem -->
